Determining if the pthread_create exist failed with the following output:
Change Dir: /home/zeon/catkin_ws/src/ros_infiniTAM/build/CMakeFiles/CMakeTmp

Run Build Command:/usr/bin/make "cmTryCompileExec4260873800/fast"
/usr/bin/make -f CMakeFiles/cmTryCompileExec4260873800.dir/build.make CMakeFiles/cmTryCompileExec4260873800.dir/build
make[1]: Entering directory `/home/zeon/catkin_ws/src/ros_infiniTAM/build/CMakeFiles/CMakeTmp'
/usr/bin/cmake -E cmake_progress_report /home/zeon/catkin_ws/src/ros_infiniTAM/build/CMakeFiles/CMakeTmp/CMakeFiles 1
Building C object CMakeFiles/cmTryCompileExec4260873800.dir/CheckSymbolExists.c.o
/usr/bin/cc    -o CMakeFiles/cmTryCompileExec4260873800.dir/CheckSymbolExists.c.o   -c /home/zeon/catkin_ws/src/ros_infiniTAM/build/CMakeFiles/CMakeTmp/CheckSymbolExists.c
Linking C executable cmTryCompileExec4260873800
/usr/bin/cmake -E cmake_link_script CMakeFiles/cmTryCompileExec4260873800.dir/link.txt --verbose=1
/usr/bin/cc       CMakeFiles/cmTryCompileExec4260873800.dir/CheckSymbolExists.c.o  -o cmTryCompileExec4260873800 -rdynamic 
CMakeFiles/cmTryCompileExec4260873800.dir/CheckSymbolExists.c.o: In function `main':
CheckSymbolExists.c:(.text+0x16): undefined reference to `pthread_create'
collect2: error: ld returned 1 exit status
make[1]: *** [cmTryCompileExec4260873800] Error 1
make[1]: Leaving directory `/home/zeon/catkin_ws/src/ros_infiniTAM/build/CMakeFiles/CMakeTmp'
make: *** [cmTryCompileExec4260873800/fast] Error 2

File /home/zeon/catkin_ws/src/ros_infiniTAM/build/CMakeFiles/CMakeTmp/CheckSymbolExists.c:
/* */
#include <pthread.h>

int main(int argc, char** argv)
{
  (void)argv;
#ifndef pthread_create
  return ((int*)(&pthread_create))[argc];
#else
  (void)argc;
  return 0;
#endif
}

Determining if the function pthread_create exists in the pthreads failed with the following output:
Change Dir: /home/zeon/catkin_ws/src/ros_infiniTAM/build/CMakeFiles/CMakeTmp

Run Build Command:/usr/bin/make "cmTryCompileExec1816330696/fast"
/usr/bin/make -f CMakeFiles/cmTryCompileExec1816330696.dir/build.make CMakeFiles/cmTryCompileExec1816330696.dir/build
make[1]: Entering directory `/home/zeon/catkin_ws/src/ros_infiniTAM/build/CMakeFiles/CMakeTmp'
/usr/bin/cmake -E cmake_progress_report /home/zeon/catkin_ws/src/ros_infiniTAM/build/CMakeFiles/CMakeTmp/CMakeFiles 1
Building C object CMakeFiles/cmTryCompileExec1816330696.dir/CheckFunctionExists.c.o
/usr/bin/cc   -DCHECK_FUNCTION_EXISTS=pthread_create   -o CMakeFiles/cmTryCompileExec1816330696.dir/CheckFunctionExists.c.o   -c /usr/share/cmake-2.8/Modules/CheckFunctionExists.c
Linking C executable cmTryCompileExec1816330696
/usr/bin/cmake -E cmake_link_script CMakeFiles/cmTryCompileExec1816330696.dir/link.txt --verbose=1
/usr/bin/cc   -DCHECK_FUNCTION_EXISTS=pthread_create    CMakeFiles/cmTryCompileExec1816330696.dir/CheckFunctionExists.c.o  -o cmTryCompileExec1816330696 -rdynamic -lpthreads 
/usr/bin/ld: cannot find -lpthreads
collect2: error: ld returned 1 exit status
make[1]: *** [cmTryCompileExec1816330696] Error 1
make[1]: Leaving directory `/home/zeon/catkin_ws/src/ros_infiniTAM/build/CMakeFiles/CMakeTmp'
make: *** [cmTryCompileExec1816330696/fast] Error 2


